[debug] [2024-10-26T07:54:22.099Z] ----------------------------------------------------------------------
[debug] [2024-10-26T07:54:22.104Z] Command:       /usr/local/bin/node /usr/local/bin/firebase init emulators
[debug] [2024-10-26T07:54:22.104Z] CLI Version:   13.6.0
[debug] [2024-10-26T07:54:22.104Z] Platform:      darwin
[debug] [2024-10-26T07:54:22.104Z] Node Version:  v20.10.0
[debug] [2024-10-26T07:54:22.104Z] Time:          Sat Oct 26 2024 08:54:22 GMT+0100 (British Summer Time)
[debug] [2024-10-26T07:54:22.105Z] ----------------------------------------------------------------------
[debug] 
[debug] [2024-10-26T07:54:22.106Z] >>> [apiv2][query] GET https://firebase-public.firebaseio.com/cli.json [none]
[debug] [2024-10-26T07:54:22.158Z] Object ".extensions" in "firebase.json" has unknown property: {"additionalProperty":"firestore-algolia-search"}
[debug] [2024-10-26T07:54:22.161Z] > command requires scopes: ["email","openid","https://www.googleapis.com/auth/cloudplatformprojects.readonly","https://www.googleapis.com/auth/firebase","https://www.googleapis.com/auth/cloud-platform"]
[debug] [2024-10-26T07:54:22.161Z] > authorizing via signed-in user (sleemantom@gmail.com)
[debug] [2024-10-26T07:54:22.161Z] Object ".extensions" in "firebase.json" has unknown property: {"additionalProperty":"firestore-algolia-search"}
[info] 
     ######## #### ########  ######## ########     ###     ######  ########
     ##        ##  ##     ## ##       ##     ##  ##   ##  ##       ##
     ######    ##  ########  ######   ########  #########  ######  ######
     ##        ##  ##    ##  ##       ##     ## ##     ##       ## ##
     ##       #### ##     ## ######## ########  ##     ##  ######  ########

You're about to initialize a Firebase project in this directory:

  /Users/thomassleeman/Documents/projects/burnout-project

Before we get started, keep in mind:

  * You are initializing within an existing Firebase project directory

[info] 
=== Project Setup
[info] 
[info] First, let's associate this project directory with a Firebase project.
[info] You can create multiple project aliases by running firebase use --add, 
[info] but for now we'll just set up a default project.
[info] 
[debug] [2024-10-26T07:54:22.163Z] Using project from CLI flag: burnout-project
[debug] [2024-10-26T07:54:22.163Z] > refreshing access token with scopes: []
[debug] [2024-10-26T07:54:22.163Z] >>> [apiv2][query] POST https://www.googleapis.com/oauth2/v3/token [none]
[debug] [2024-10-26T07:54:22.163Z] >>> [apiv2][body] POST https://www.googleapis.com/oauth2/v3/token [omitted]
[debug] [2024-10-26T07:54:22.350Z] <<< [apiv2][status] POST https://www.googleapis.com/oauth2/v3/token 400
[debug] [2024-10-26T07:54:22.350Z] <<< [apiv2][body] POST https://www.googleapis.com/oauth2/v3/token [omitted]
[debug] [2024-10-26T07:54:22.350Z] >>> [apiv2][query] GET https://firebase.googleapis.com/v1beta1/projects/burnout-project [none]
[debug] [2024-10-26T07:54:22.481Z] <<< [apiv2][status] GET https://firebase-public.firebaseio.com/cli.json 200
[debug] [2024-10-26T07:54:22.481Z] <<< [apiv2][body] GET https://firebase-public.firebaseio.com/cli.json {"cloudBuildErrorAfter":1594252800000,"cloudBuildWarnAfter":1590019200000,"defaultNode10After":1594252800000,"minVersion":"3.0.5","node8DeploysDisabledAfter":1613390400000,"node8RuntimeDisabledAfter":1615809600000,"node8WarnAfter":1600128000000}
[debug] [2024-10-26T07:54:22.581Z] <<< [apiv2][status] GET https://firebase.googleapis.com/v1beta1/projects/burnout-project 401
[debug] [2024-10-26T07:54:22.582Z] <<< [apiv2][body] GET https://firebase.googleapis.com/v1beta1/projects/burnout-project {"error":{"code":401,"message":"Request had invalid authentication credentials. Expected OAuth 2 access token, login cookie or other valid authentication credential. See https://developers.google.com/identity/sign-in/web/devconsole-project.","status":"UNAUTHENTICATED"}}
[debug] [2024-10-26T07:54:22.582Z] HTTP Error: 401, Request had invalid authentication credentials. Expected OAuth 2 access token, login cookie or other valid authentication credential. See https://developers.google.com/identity/sign-in/web/devconsole-project.
[debug] [2024-10-26T07:54:22.769Z] FirebaseError: HTTP Error: 401, Request had invalid authentication credentials. Expected OAuth 2 access token, login cookie or other valid authentication credential. See https://developers.google.com/identity/sign-in/web/devconsole-project.
    at responseToError (/usr/local/lib/node_modules/firebase-tools/lib/responseToError.js:49:12)
    at RetryOperation._fn (/usr/local/lib/node_modules/firebase-tools/lib/apiv2.js:299:77)
    at process.processTicksAndRejections (node:internal/process/task_queues:95:5)
[error] 
[error] Error: Failed to get Firebase project burnout-project. Please make sure the project exists and your account has permission to access it.
